Build started 5/17/2014 6:06:25 AM.
     1>Project "C:\Users\JunYan\Documents\Visual Studio 2010\Projects\simulation\simulation\simulation.vcxproj" on node 2 (build target(s)).
     1>InitializeBuildStatus:
         Creating "Debug\simulation.unsuccessfulbuild" because "AlwaysCreate" was specified.
       ClCompile:
         All outputs are up-to-date.
         C:\Program Files (x86)\Microsoft Visual Studio 10.0\VC\bin\CL.exe /c /ZI /nologo /W3 /WX- /Od /Oy- /D WIN32 /D _DEBUG /D _CONSOLE /D _UNICODE /D UNICODE /Gm /EHsc /RTC1 /MDd /GS /fp:precise /Zc:wchar_t /Zc:forScope /Yu"StdAfx.h" /Fp"Debug\simulation.pch" /Fo"Debug\\" /Fd"Debug\vc100.pdb" /Gd /TP /analyze- /errorReport:prompt simulation.cpp
         simulation.cpp
     1>c:\users\junyan\documents\visual studio 2010\projects\simulation\simulation\simulation.cpp(35): warning C4244: 'argument' : conversion from 'time_t' to 'unsigned int', possible loss of data
     1>c:\users\junyan\documents\visual studio 2010\projects\simulation\simulation\simulation.cpp(43): warning C4244: 'argument' : conversion from 'time_t' to 'unsigned int', possible loss of data
     1>c:\users\junyan\documents\visual studio 2010\projects\simulation\simulation\simulation.cpp(63): warning C4244: 'initializing' : conversion from 'int' to 'float', possible loss of data
     1>c:\users\junyan\documents\visual studio 2010\projects\simulation\simulation\simulation.cpp(177): warning C4129: 'o' : unrecognized character escape sequence
       ManifestResourceCompile:
         All outputs are up-to-date.
       Link:
         C:\Program Files (x86)\Microsoft Visual Studio 10.0\VC\bin\link.exe /ERRORREPORT:PROMPT /OUT:"C:\Users\JunYan\Documents\Visual Studio 2010\Projects\simulation\Debug\simulation.exe" /INCREMENTAL /NOLOGO kernel32.lib user32.lib gdi32.lib winspool.lib comdlg32.lib advapi32.lib shell32.lib ole32.lib oleaut32.lib uuid.lib odbc32.lib odbccp32.lib /MANIFEST /ManifestFile:"Debug\simulation.exe.intermediate.manifest" /MANIFESTUAC:"level='asInvoker' uiAccess='false'" /DEBUG /PDB:"C:\Users\JunYan\Documents\Visual Studio 2010\Projects\simulation\Debug\simulation.pdb" /SUBSYSTEM:CONSOLE /TLBID:1 /DYNAMICBASE /NXCOMPAT /IMPLIB:"C:\Users\JunYan\Documents\Visual Studio 2010\Projects\simulation\Debug\simulation.lib" /MACHINE:X86 Debug\simulation.exe.embed.manifest.res
         Debug\sensor_node.obj
         Debug\simulation.obj
         Debug\stdafx.obj
       Manifest:
         c:\Program Files (x86)\Microsoft SDKs\Windows\v7.0A\bin\mt.exe /nologo /verbose /out:"Debug\simulation.exe.embed.manifest" /manifest Debug\simulation.exe.intermediate.manifest
         All outputs are up-to-date.
       LinkEmbedManifest:
         All outputs are up-to-date.
         simulation.vcxproj -> C:\Users\JunYan\Documents\Visual Studio 2010\Projects\simulation\Debug\simulation.exe
       FinalizeBuildStatus:
         Deleting file "Debug\simulation.unsuccessfulbuild".
         Touching "Debug\simulation.lastbuildstate".
     1>Done Building Project "C:\Users\JunYan\Documents\Visual Studio 2010\Projects\simulation\simulation\simulation.vcxproj" (build target(s)).

Build succeeded.

Time Elapsed 00:00:02.44
